<?xml version="1.0" encoding="UTF-8"?>
<testsuite name="weinfeld.NASA.neo.NeoServiceTest" tests="1" skipped="0" failures="0" errors="0" timestamp="2020-05-19T22:34:47" hostname="DESKTOP-VAI5R9R" time="1.165">
  <properties/>
  <testcase name="getAsteroids" classname="weinfeld.NASA.neo.NeoServiceTest" time="1.165"/>
  <system-out><![CDATA[]]></system-out>
  <system-err><![CDATA[]]></system-err>
</testsuite>
